This is pdfTeX, Version 3.1415926-2.5-1.40.14 (MiKTeX 2.9) (preloaded format=pdflatex 2014.10.22)  14 MAY 2015 16:01
entering extended mode
**ProgramatorskaDokumentace.tex

(C:\Users\Public\Documents\Skola\Neprocko\Haskell\kakuro\dokumentaceTex\program
atorska\ProgramatorskaDokumentace.tex
LaTeX2e <2011/06/27>
Babel <v3.8m> and hyphenation patterns for english, afrikaans, ancientgreek, ar
abic, armenian, assamese, basque, bengali, bokmal, bulgarian, catalan, coptic, 
croatian, czech, danish, dutch, esperanto, estonian, farsi, finnish, french, ga
lician, german, german-x-2013-05-26, greek, gujarati, hindi, hungarian, iceland
ic, indonesian, interlingua, irish, italian, kannada, kurmanji, latin, latvian,
 lithuanian, malayalam, marathi, mongolian, mongolianlmc, monogreek, ngerman, n
german-x-2013-05-26, nynorsk, oriya, panjabi, pinyin, polish, portuguese, roman
ian, russian, sanskrit, serbian, slovak, slovenian, spanish, swedish, swissgerm
an, tamil, telugu, turkish, turkmen, ukenglish, ukrainian, uppersorbian, usengl
ishmax, welsh, loaded.
("C:\Program Files (x86)\MiKTeX 2.9\tex\latex\base\article.cls"
Document Class: article 2007/10/19 v1.4h Standard LaTeX document class
("C:\Program Files (x86)\MiKTeX 2.9\tex\latex\base\size10.clo"
File: size10.clo 2007/10/19 v1.4h Standard LaTeX file (size option)
)
\c@part=\count79
\c@section=\count80
\c@subsection=\count81
\c@subsubsection=\count82
\c@paragraph=\count83
\c@subparagraph=\count84
\c@figure=\count85
\c@table=\count86
\abovecaptionskip=\skip41
\belowcaptionskip=\skip42
\bibindent=\dimen102
)
("C:\Program Files (x86)\MiKTeX 2.9\tex\latex\base\inputenc.sty"
Package: inputenc 2008/03/30 v1.1d Input encoding file
\inpenc@prehook=\toks14
\inpenc@posthook=\toks15

("C:\Program Files (x86)\MiKTeX 2.9\tex\latex\base\utf8.def"
File: utf8.def 2008/04/05 v1.1m UTF-8 support for inputenc
Now handling font encoding OML ...
... no UTF-8 mapping file for font encoding OML
Now handling font encoding T1 ...
... processing UTF-8 mapping file for font encoding T1

("C:\Program Files (x86)\MiKTeX 2.9\tex\latex\base\t1enc.dfu"
File: t1enc.dfu 2008/04/05 v1.1m UTF-8 support for inputenc
   defining Unicode char U+00A1 (decimal 161)
   defining Unicode char U+00A3 (decimal 163)
   defining Unicode char U+00AB (decimal 171)
   defining Unicode char U+00BB (decimal 187)
   defining Unicode char U+00BF (decimal 191)
   defining Unicode char U+00C0 (decimal 192)
   defining Unicode char U+00C1 (decimal 193)
   defining Unicode char U+00C2 (decimal 194)
   defining Unicode char U+00C3 (decimal 195)
   defining Unicode char U+00C4 (decimal 196)
   defining Unicode char U+00C5 (decimal 197)
   defining Unicode char U+00C6 (decimal 198)
   defining Unicode char U+00C7 (decimal 199)
   defining Unicode char U+00C8 (decimal 200)
   defining Unicode char U+00C9 (decimal 201)
   defining Unicode char U+00CA (decimal 202)
   defining Unicode char U+00CB (decimal 203)
   defining Unicode char U+00CC (decimal 204)
   defining Unicode char U+00CD (decimal 205)
   defining Unicode char U+00CE (decimal 206)
   defining Unicode char U+00CF (decimal 207)
   defining Unicode char U+00D0 (decimal 208)
   defining Unicode char U+00D1 (decimal 209)
   defining Unicode char U+00D2 (decimal 210)
   defining Unicode char U+00D3 (decimal 211)
   defining Unicode char U+00D4 (decimal 212)
   defining Unicode char U+00D5 (decimal 213)
   defining Unicode char U+00D6 (decimal 214)
   defining Unicode char U+00D8 (decimal 216)
   defining Unicode char U+00D9 (decimal 217)
   defining Unicode char U+00DA (decimal 218)
   defining Unicode char U+00DB (decimal 219)
   defining Unicode char U+00DC (decimal 220)
   defining Unicode char U+00DD (decimal 221)
   defining Unicode char U+00DE (decimal 222)
   defining Unicode char U+00DF (decimal 223)
   defining Unicode char U+00E0 (decimal 224)
   defining Unicode char U+00E1 (decimal 225)
   defining Unicode char U+00E2 (decimal 226)
   defining Unicode char U+00E3 (decimal 227)
   defining Unicode char U+00E4 (decimal 228)
   defining Unicode char U+00E5 (decimal 229)
   defining Unicode char U+00E6 (decimal 230)
   defining Unicode char U+00E7 (decimal 231)
   defining Unicode char U+00E8 (decimal 232)
   defining Unicode char U+00E9 (decimal 233)
   defining Unicode char U+00EA (decimal 234)
   defining Unicode char U+00EB (decimal 235)
   defining Unicode char U+00EC (decimal 236)
   defining Unicode char U+00ED (decimal 237)
   defining Unicode char U+00EE (decimal 238)
   defining Unicode char U+00EF (decimal 239)
   defining Unicode char U+00F0 (decimal 240)
   defining Unicode char U+00F1 (decimal 241)
   defining Unicode char U+00F2 (decimal 242)
   defining Unicode char U+00F3 (decimal 243)
   defining Unicode char U+00F4 (decimal 244)
   defining Unicode char U+00F5 (decimal 245)
   defining Unicode char U+00F6 (decimal 246)
   defining Unicode char U+00F8 (decimal 248)
   defining Unicode char U+00F9 (decimal 249)
   defining Unicode char U+00FA (decimal 250)
   defining Unicode char U+00FB (decimal 251)
   defining Unicode char U+00FC (decimal 252)
   defining Unicode char U+00FD (decimal 253)
   defining Unicode char U+00FE (decimal 254)
   defining Unicode char U+00FF (decimal 255)
   defining Unicode char U+0102 (decimal 258)
   defining Unicode char U+0103 (decimal 259)
   defining Unicode char U+0104 (decimal 260)
   defining Unicode char U+0105 (decimal 261)
   defining Unicode char U+0106 (decimal 262)
   defining Unicode char U+0107 (decimal 263)
   defining Unicode char U+010C (decimal 268)
   defining Unicode char U+010D (decimal 269)
   defining Unicode char U+010E (decimal 270)
   defining Unicode char U+010F (decimal 271)
   defining Unicode char U+0110 (decimal 272)
   defining Unicode char U+0111 (decimal 273)
   defining Unicode char U+0118 (decimal 280)
   defining Unicode char U+0119 (decimal 281)
   defining Unicode char U+011A (decimal 282)
   defining Unicode char U+011B (decimal 283)
   defining Unicode char U+011E (decimal 286)
   defining Unicode char U+011F (decimal 287)
   defining Unicode char U+0130 (decimal 304)
   defining Unicode char U+0131 (decimal 305)
   defining Unicode char U+0132 (decimal 306)
   defining Unicode char U+0133 (decimal 307)
   defining Unicode char U+0139 (decimal 313)
   defining Unicode char U+013A (decimal 314)
   defining Unicode char U+013D (decimal 317)
   defining Unicode char U+013E (decimal 318)
   defining Unicode char U+0141 (decimal 321)
   defining Unicode char U+0142 (decimal 322)
   defining Unicode char U+0143 (decimal 323)
   defining Unicode char U+0144 (decimal 324)
   defining Unicode char U+0147 (decimal 327)
   defining Unicode char U+0148 (decimal 328)
   defining Unicode char U+014A (decimal 330)
   defining Unicode char U+014B (decimal 331)
   defining Unicode char U+0150 (decimal 336)
   defining Unicode char U+0151 (decimal 337)
   defining Unicode char U+0152 (decimal 338)
   defining Unicode char U+0153 (decimal 339)
   defining Unicode char U+0154 (decimal 340)
   defining Unicode char U+0155 (decimal 341)
   defining Unicode char U+0158 (decimal 344)
   defining Unicode char U+0159 (decimal 345)
   defining Unicode char U+015A (decimal 346)
   defining Unicode char U+015B (decimal 347)
   defining Unicode char U+015E (decimal 350)
   defining Unicode char U+015F (decimal 351)
   defining Unicode char U+0160 (decimal 352)
   defining Unicode char U+0161 (decimal 353)
   defining Unicode char U+0162 (decimal 354)
   defining Unicode char U+0163 (decimal 355)
   defining Unicode char U+0164 (decimal 356)
   defining Unicode char U+0165 (decimal 357)
   defining Unicode char U+016E (decimal 366)
   defining Unicode char U+016F (decimal 367)
   defining Unicode char U+0170 (decimal 368)
   defining Unicode char U+0171 (decimal 369)
   defining Unicode char U+0178 (decimal 376)
   defining Unicode char U+0179 (decimal 377)
   defining Unicode char U+017A (decimal 378)
   defining Unicode char U+017B (decimal 379)
   defining Unicode char U+017C (decimal 380)
   defining Unicode char U+017D (decimal 381)
   defining Unicode char U+017E (decimal 382)
   defining Unicode char U+200C (decimal 8204)
   defining Unicode char U+2013 (decimal 8211)
   defining Unicode char U+2014 (decimal 8212)
   defining Unicode char U+2018 (decimal 8216)
   defining Unicode char U+2019 (decimal 8217)
   defining Unicode char U+201A (decimal 8218)
   defining Unicode char U+201C (decimal 8220)
   defining Unicode char U+201D (decimal 8221)
   defining Unicode char U+201E (decimal 8222)
   defining Unicode char U+2030 (decimal 8240)
   defining Unicode char U+2031 (decimal 8241)
   defining Unicode char U+2039 (decimal 8249)
   defining Unicode char U+203A (decimal 8250)
   defining Unicode char U+2423 (decimal 9251)
)
Now handling font encoding OT1 ...
... processing UTF-8 mapping file for font encoding OT1

("C:\Program Files (x86)\MiKTeX 2.9\tex\latex\base\ot1enc.dfu"
File: ot1enc.dfu 2008/04/05 v1.1m UTF-8 support for inputenc
   defining Unicode char U+00A1 (decimal 161)
   defining Unicode char U+00A3 (decimal 163)
   defining Unicode char U+00B8 (decimal 184)
   defining Unicode char U+00BF (decimal 191)
   defining Unicode char U+00C5 (decimal 197)
   defining Unicode char U+00C6 (decimal 198)
   defining Unicode char U+00D8 (decimal 216)
   defining Unicode char U+00DF (decimal 223)
   defining Unicode char U+00E6 (decimal 230)
   defining Unicode char U+00EC (decimal 236)
   defining Unicode char U+00ED (decimal 237)
   defining Unicode char U+00EE (decimal 238)
   defining Unicode char U+00EF (decimal 239)
   defining Unicode char U+00F8 (decimal 248)
   defining Unicode char U+0131 (decimal 305)
   defining Unicode char U+0141 (decimal 321)
   defining Unicode char U+0142 (decimal 322)
   defining Unicode char U+0152 (decimal 338)
   defining Unicode char U+0153 (decimal 339)
   defining Unicode char U+2013 (decimal 8211)
   defining Unicode char U+2014 (decimal 8212)
   defining Unicode char U+2018 (decimal 8216)
   defining Unicode char U+2019 (decimal 8217)
   defining Unicode char U+201C (decimal 8220)
   defining Unicode char U+201D (decimal 8221)
)
Now handling font encoding OMS ...
... processing UTF-8 mapping file for font encoding OMS

("C:\Program Files (x86)\MiKTeX 2.9\tex\latex\base\omsenc.dfu"
File: omsenc.dfu 2008/04/05 v1.1m UTF-8 support for inputenc
   defining Unicode char U+00A7 (decimal 167)
   defining Unicode char U+00B6 (decimal 182)
   defining Unicode char U+00B7 (decimal 183)
   defining Unicode char U+2020 (decimal 8224)
   defining Unicode char U+2021 (decimal 8225)
   defining Unicode char U+2022 (decimal 8226)
)
Now handling font encoding OMX ...
... no UTF-8 mapping file for font encoding OMX
Now handling font encoding U ...
... no UTF-8 mapping file for font encoding U
   defining Unicode char U+00A9 (decimal 169)
   defining Unicode char U+00AA (decimal 170)
   defining Unicode char U+00AE (decimal 174)
   defining Unicode char U+00BA (decimal 186)
   defining Unicode char U+02C6 (decimal 710)
   defining Unicode char U+02DC (decimal 732)
   defining Unicode char U+200C (decimal 8204)
   defining Unicode char U+2026 (decimal 8230)
   defining Unicode char U+2122 (decimal 8482)
   defining Unicode char U+2423 (decimal 9251)
))
("C:\Program Files (x86)\MiKTeX 2.9\tex\generic\babel\babel.sty"
Package: babel 2008/07/08 v3.8m The Babel package

*************************************
* Local config file bblopts.cfg used
*
("C:\Program Files (x86)\MiKTeX 2.9\tex\latex\00miktex\bblopts.cfg"
File: bblopts.cfg 2006/07/31 v1.0 MiKTeX 'babel' configuration
)
("C:\Program Files (x86)\MiKTeX 2.9\tex\generic\babel\czech.ldf"
Language: czech 2008/07/06 v3.1a Czech support from the babel system

("C:\Program Files (x86)\MiKTeX 2.9\tex\generic\babel\babel.def"
File: babel.def 2008/07/08 v3.8m Babel common definitions
\babel@savecnt=\count87
\U@D=\dimen103
)
Package babel Info: Making " an active character on input line 172.
\cs@wordlen=\count88
Package babel Info: Making - an active character on input line 226.
))
("C:\Program Files (x86)\MiKTeX 2.9\tex\latex\base\fontenc.sty"
Package: fontenc 2005/09/27 v1.99g Standard LaTeX package

(C:\Users\Petr\AppData\Roaming\MiKTeX\2.9\tex\cslatex\base\il2enc.def
File: il2enc.def 1997/08/20 CSLaTeX
Now handling font encoding IL2 ...
... no UTF-8 mapping file for font encoding IL2
)
LaTeX Font Info:    Try loading font information for IL2+cmr on input line 100.


(C:\Users\Petr\AppData\Roaming\MiKTeX\2.9\tex\cslatex\base\il2cmr.fd
File: il2cmr.fd 1997/02/06 CSLaTeX font definitions
))
("C:\Program Files (x86)\MiKTeX 2.9\tex\latex\amsmath\amsmath.sty"
Package: amsmath 2013/01/14 v2.14 AMS math features
\@mathmargin=\skip43

For additional information on amsmath, use the `?' option.
("C:\Program Files (x86)\MiKTeX 2.9\tex\latex\amsmath\amstext.sty"
Package: amstext 2000/06/29 v2.01

("C:\Program Files (x86)\MiKTeX 2.9\tex\latex\amsmath\amsgen.sty"
File: amsgen.sty 1999/11/30 v2.0
\@emptytoks=\toks16
\ex@=\dimen104
))
("C:\Program Files (x86)\MiKTeX 2.9\tex\latex\amsmath\amsbsy.sty"
Package: amsbsy 1999/11/29 v1.2d
\pmbraise@=\dimen105
)
("C:\Program Files (x86)\MiKTeX 2.9\tex\latex\amsmath\amsopn.sty"
Package: amsopn 1999/12/14 v2.01 operator names
)
\inf@bad=\count89
LaTeX Info: Redefining \frac on input line 210.
\uproot@=\count90
\leftroot@=\count91
LaTeX Info: Redefining \overline on input line 306.
\classnum@=\count92
\DOTSCASE@=\count93
LaTeX Info: Redefining \ldots on input line 378.
LaTeX Info: Redefining \dots on input line 381.
LaTeX Info: Redefining \cdots on input line 466.
\Mathstrutbox@=\box26
\strutbox@=\box27
\big@size=\dimen106
LaTeX Font Info:    Redeclaring font encoding OML on input line 566.
LaTeX Font Info:    Redeclaring font encoding OMS on input line 567.
\macc@depth=\count94
\c@MaxMatrixCols=\count95
\dotsspace@=\muskip10
\c@parentequation=\count96
\dspbrk@lvl=\count97
\tag@help=\toks17
\row@=\count98
\column@=\count99
\maxfields@=\count100
\andhelp@=\toks18
\eqnshift@=\dimen107
\alignsep@=\dimen108
\tagshift@=\dimen109
\tagwidth@=\dimen110
\totwidth@=\dimen111
\lineht@=\dimen112
\@envbody=\toks19
\multlinegap=\skip44
\multlinetaggap=\skip45
\mathdisplay@stack=\toks20
LaTeX Info: Redefining \[ on input line 2665.
LaTeX Info: Redefining \] on input line 2666.
)
("C:\Program Files (x86)\MiKTeX 2.9\tex\latex\amsfonts\amsfonts.sty"
Package: amsfonts 2013/01/14 v3.01 Basic AMSFonts support
\symAMSa=\mathgroup4
\symAMSb=\mathgroup5
LaTeX Font Info:    Overwriting math alphabet `\mathfrak' in version `bold'
(Font)                  U/euf/m/n --> U/euf/b/n on input line 106.
)
("C:\Program Files (x86)\MiKTeX 2.9\tex\latex\amsfonts\amssymb.sty"
Package: amssymb 2013/01/14 v3.01 AMS font symbols
)
("C:\Program Files (x86)\MiKTeX 2.9\tex\latex\listings\listings.sty"
("C:\Program Files (x86)\MiKTeX 2.9\tex\latex\graphics\keyval.sty"
Package: keyval 1999/03/16 v1.13 key=value parser (DPC)
\KV@toks@=\toks21
)
\lst@mode=\count101
\lst@gtempboxa=\box28
\lst@token=\toks22
\lst@length=\count102
\lst@currlwidth=\dimen113
\lst@column=\count103
\lst@pos=\count104
\lst@lostspace=\dimen114
\lst@width=\dimen115
\lst@newlines=\count105
\lst@lineno=\count106
\lst@maxwidth=\dimen116

("C:\Program Files (x86)\MiKTeX 2.9\tex\latex\listings\lstmisc.sty"
File: lstmisc.sty 2014/09/06 1.5e (Carsten Heinz)
\c@lstnumber=\count107
\lst@skipnumbers=\count108
\lst@framebox=\box29
)
("C:\Program Files (x86)\MiKTeX 2.9\tex\latex\listings\listings.cfg"
File: listings.cfg 2014/09/06 1.5e listings configuration
))
Package: listings 2014/09/06 1.5e (Carsten Heinz)

("C:\Program Files (x86)\MiKTeX 2.9\tex\latex\minted\minted.sty"
Package: minted 2015/01/31 v2.0 Yet another Pygments shim for LaTeX

("C:\Program Files (x86)\MiKTeX 2.9\tex\latex\oberdiek\kvoptions.sty"
Package: kvoptions 2011/06/30 v3.11 Key value format for package options (HO)

("C:\Program Files (x86)\MiKTeX 2.9\tex\generic\oberdiek\ltxcmds.sty"
Package: ltxcmds 2011/11/09 v1.22 LaTeX kernel commands for general use (HO)
)
("C:\Program Files (x86)\MiKTeX 2.9\tex\generic\oberdiek\kvsetkeys.sty"
Package: kvsetkeys 2012/04/25 v1.16 Key value parser (HO)

("C:\Program Files (x86)\MiKTeX 2.9\tex\generic\oberdiek\infwarerr.sty"
Package: infwarerr 2010/04/08 v1.3 Providing info/warning/error messages (HO)
)
("C:\Program Files (x86)\MiKTeX 2.9\tex\generic\oberdiek\etexcmds.sty"
Package: etexcmds 2011/02/16 v1.5 Avoid name clashes with e-TeX commands (HO)

("C:\Program Files (x86)\MiKTeX 2.9\tex\generic\oberdiek\ifluatex.sty"
Package: ifluatex 2010/03/01 v1.3 Provides the ifluatex switch (HO)
Package ifluatex Info: LuaTeX not detected.
)
Package etexcmds Info: Could not find \expanded.
(etexcmds)             That can mean that you are not using pdfTeX 1.50 or
(etexcmds)             that some package has redefined \expanded.
(etexcmds)             In the latter case, load this package earlier.
)))
("C:\Program Files (x86)\MiKTeX 2.9\tex\latex\fancyvrb\fancyvrb.sty"
Package: fancyvrb 2008/02/07

Style option: `fancyvrb' v2.7a, with DG/SPQR fixes, and firstline=lastline fix 
<2008/02/07> (tvz)
\FV@CodeLineNo=\count109
\FV@InFile=\read1
\FV@TabBox=\box30
\c@FancyVerbLine=\count110
\FV@StepNumber=\count111
\FV@OutFile=\write3
)
("C:\Program Files (x86)\MiKTeX 2.9\tex\latex\float\float.sty"
Package: float 2001/11/08 v1.3d Float enhancements (AL)
\c@float@type=\count112
\float@exts=\toks23
\float@box=\box31
\@float@everytoks=\toks24
\@floatcapt=\box32
)
("C:\Program Files (x86)\MiKTeX 2.9\tex\latex\base\ifthen.sty"
Package: ifthen 2001/05/26 v1.1c Standard LaTeX ifthen package (DPC)
)
("C:\Program Files (x86)\MiKTeX 2.9\tex\latex\tools\calc.sty"
Package: calc 2007/08/22 v4.3 Infix arithmetic (KKT,FJ)
\calc@Acount=\count113
\calc@Bcount=\count114
\calc@Adimen=\dimen117
\calc@Bdimen=\dimen118
\calc@Askip=\skip46
\calc@Bskip=\skip47
LaTeX Info: Redefining \setlength on input line 76.
LaTeX Info: Redefining \addtolength on input line 77.
\calc@Ccount=\count115
\calc@Cskip=\skip48
)
("C:\Program Files (x86)\MiKTeX 2.9\tex\latex\ifplatform\ifplatform.sty"
Package: ifplatform 2010/10/22 v0.4 Testing for the operating system

("C:\Program Files (x86)\MiKTeX 2.9\tex\generic\oberdiek\pdftexcmds.sty"
Package: pdftexcmds 2011/11/29 v0.20 Utility functions of pdfTeX for LuaTeX (HO
)

("C:\Program Files (x86)\MiKTeX 2.9\tex\generic\oberdiek\ifpdf.sty"
Package: ifpdf 2011/01/30 v2.3 Provides the ifpdf switch (HO)
Package ifpdf Info: pdfTeX in PDF mode is detected.
)
Package pdftexcmds Info: LuaTeX not detected.
Package pdftexcmds Info: \pdf@primitive is available.
Package pdftexcmds Info: \pdf@ifprimitive is available.
Package pdftexcmds Info: \pdfdraftmode found.
)
("C:\Program Files (x86)\MiKTeX 2.9\tex\generic\oberdiek\catchfile.sty"
Package: catchfile 2011/03/01 v1.6 Catch the contents of a file (HO)
))
("C:\Program Files (x86)\MiKTeX 2.9\tex\latex\etoolbox\etoolbox.sty"
Package: etoolbox 2015/03/19 v2.1d e-TeX tools for LaTeX (JAW)

("C:\Program Files (x86)\MiKTeX 2.9\tex\latex\misc\etex.sty"
Package: etex 1998/03/26 v2.0 eTeX basic definition package (PEB)
\et@xins=\count116
)
\etb@tempcnta=\count117
)
("C:\Program Files (x86)\MiKTeX 2.9\tex\latex\xstring\xstring.sty"
("C:\Program Files (x86)\MiKTeX 2.9\tex\generic\xstring\xstring.tex"
\@xs@message=\write4
\integerpart=\count118
\decimalpart=\count119
)
Package: xstring 2013/10/13  v1.7c  String manipulations (C Tellechea)
)
("C:\Program Files (x86)\MiKTeX 2.9\tex\latex\lineno\lineno.sty"
Package: lineno 2005/11/02 line numbers on paragraphs v4.41
\linenopenalty=\count120
\output=\toks25
\linenoprevgraf=\count121
\linenumbersep=\dimen119
\linenumberwidth=\dimen120
\c@linenumber=\count122
\c@pagewiselinenumber=\count123
\c@LN@truepage=\count124
\c@internallinenumber=\count125
\c@internallinenumbers=\count126
\quotelinenumbersep=\dimen121
\bframerule=\dimen122
\bframesep=\dimen123
\bframebox=\box33
LaTeX Info: Redefining \\ on input line 3056.
)
\minted@appexistsfile=\read2
\FV@BreakIndent=\dimen124
\FV@BreakSymbolSepLeft=\dimen125
\FV@BreakSymbolSepRight=\dimen126
\FV@BreakSymbolIndentLeft=\dimen127
LaTeX Font Info:    Try loading font information for IL2+cmtt on input line 677
.

(C:\Users\Petr\AppData\Roaming\MiKTeX\2.9\tex\cslatex\base\il2cmtt.fd
File: il2cmtt.fd 1997/08/20 CSLaTeX font definitions
)
\FV@BreakSymbolIndentRight=\dimen128
\c@FancyVerbLineBreakLast=\count127
\FV@LineBox=\box34
\FV@LineIndentBox=\box35
\minted@bgbox=\box36
\minted@code=\write5
\c@minted@FancyVerbLineTemp=\count128
\@float@every@listing=\toks26
\c@listing=\count129
)
runsystem(if not exist "_minted-ProgramatorskaDokumentace" mkdir "_minted-Progr
amatorskaDokumentace")...executed.

runsystem(for ^%i in (pygmentize.exe pygmentize.bat pygmentize.cmd) do set >"Pr
ogramatorskaDokumentace.aex" <nul: /p x=^%~$PATH:i>>"ProgramatorskaDokumentace.
aex")...executed.

runsystem(del "ProgramatorskaDokumentace.aex")...executed.


(C:\Users\Public\Documents\Skola\Neprocko\Haskell\kakuro\dokumentaceTex\program
atorska\_minted-ProgramatorskaDokumentace/default.pygstyle)
(C:\Users\Public\Documents\Skola\Neprocko\Haskell\kakuro\dokumentaceTex\program
atorska\ProgramatorskaDokumentace.aux)
LaTeX Font Info:    Checking defaults for OML/cmm/m/it on input line 12.
LaTeX Font Info:    ... okay on input line 12.
LaTeX Font Info:    Checking defaults for T1/cmr/m/n on input line 12.
LaTeX Font Info:    ... okay on input line 12.
LaTeX Font Info:    Checking defaults for OT1/cmr/m/n on input line 12.
LaTeX Font Info:    ... okay on input line 12.
LaTeX Font Info:    Checking defaults for OMS/cmsy/m/n on input line 12.
LaTeX Font Info:    ... okay on input line 12.
LaTeX Font Info:    Checking defaults for OMX/cmex/m/n on input line 12.
LaTeX Font Info:    ... okay on input line 12.
LaTeX Font Info:    Checking defaults for U/cmr/m/n on input line 12.
LaTeX Font Info:    ... okay on input line 12.
LaTeX Font Info:    Checking defaults for IL2/cmr/m/n on input line 12.
LaTeX Font Info:    ... okay on input line 12.
\c@lstlisting=\count130

("C:\Program Files (x86)\MiKTeX 2.9\tex\latex\xcolor\xcolor.sty"
Package: xcolor 2007/01/21 v2.11 LaTeX color extensions (UK)

("C:\Program Files (x86)\MiKTeX 2.9\tex\latex\00miktex\color.cfg"
File: color.cfg 2007/01/18 v1.5 color configuration of teTeX/TeXLive
)
Package xcolor Info: Driver file: pdftex.def on input line 225.

("C:\Program Files (x86)\MiKTeX 2.9\tex\latex\pdftex-def\pdftex.def"
File: pdftex.def 2011/05/27 v0.06d Graphics/color for pdfTeX
\Gread@gobject=\count131

("C:\Program Files (x86)\MiKTeX 2.9\tex\context\base\supp-pdf.mkii"
[Loading MPS to PDF converter (version 2006.09.02).]
\scratchcounter=\count132
\scratchdimen=\dimen129
\scratchbox=\box37
\nofMPsegments=\count133
\nofMParguments=\count134
\everyMPshowfont=\toks27
\MPscratchCnt=\count135
\MPscratchDim=\dimen130
\MPnumerator=\count136
\makeMPintoPDFobject=\count137
\everyMPtoPDFconversion=\toks28
))
Package xcolor Info: Model `cmy' substituted by `cmy0' on input line 1337.
Package xcolor Info: Model `hsb' substituted by `rgb' on input line 1341.
Package xcolor Info: Model `RGB' extended on input line 1353.
Package xcolor Info: Model `HTML' substituted by `rgb' on input line 1355.
Package xcolor Info: Model `Hsb' substituted by `hsb' on input line 1356.
Package xcolor Info: Model `tHsb' substituted by `hsb' on input line 1357.
Package xcolor Info: Model `HSB' substituted by `hsb' on input line 1358.
Package xcolor Info: Model `Gray' substituted by `gray' on input line 1359.
Package xcolor Info: Model `wave' substituted by `hsb' on input line 1360.
)
(C:\Users\Public\Documents\Skola\Neprocko\Haskell\kakuro\dokumentaceTex\program
atorska\nadpis.tex [1

{C:/Users/Petr/AppData/Local/MiKTeX/2.9/pdftex/config/pdftex.map}])
(C:\Users\Public\Documents\Skola\Neprocko\Haskell\kakuro\dokumentaceTex\program
atorska\moduly.tex
(C:\Users\Public\Documents\Skola\Neprocko\Haskell\kakuro\dokumentaceTex\program
atorska\_minted-ProgramatorskaDokumentace/E142EB89CA61DF7813E1837EFCBAE2BAE1A0F
2C815F1BC4B238A258396738C1A.pygtex
LaTeX Font Info:    Font shape `IL2/cmtt/bx/n' in size <10> not available
(Font)              Font shape `IL2/cmtt/m/n' tried instead on input line 2.
)
(C:\Users\Public\Documents\Skola\Neprocko\Haskell\kakuro\dokumentaceTex\program
atorska\_minted-ProgramatorskaDokumentace/E26FFAB115FE9D59CE559A48360240B2E1A0F
2C815F1BC4B238A258396738C1A.pygtex)
(C:\Users\Public\Documents\Skola\Neprocko\Haskell\kakuro\dokumentaceTex\program
atorska\_minted-ProgramatorskaDokumentace/B7B2FC48D8CA1176D2B34C2F9CD9106DE1A0F
2C815F1BC4B238A258396738C1A.pygtex)
(C:\Users\Public\Documents\Skola\Neprocko\Haskell\kakuro\dokumentaceTex\program
atorska\_minted-ProgramatorskaDokumentace/EAA66FEB8239F4442149FD1C15D5258AE1A0F
2C815F1BC4B238A258396738C1A.pygtex))
(C:\Users\Public\Documents\Skola\Neprocko\Haskell\kakuro\dokumentaceTex\program
atorska\typy.tex
(C:\Users\Public\Documents\Skola\Neprocko\Haskell\kakuro\dokumentaceTex\program
atorska\_minted-ProgramatorskaDokumentace/1C7F4A0617A671A4DF6A0A836A635F32E1A0F
2C815F1BC4B238A258396738C1A.pygtex)
(C:\Users\Public\Documents\Skola\Neprocko\Haskell\kakuro\dokumentaceTex\program
atorska\_minted-ProgramatorskaDokumentace/DCD6CB8A9AC2FFD5CF73A3BB27FC85F1E1A0F
2C815F1BC4B238A258396738C1A.pygtex))
(C:\Users\Public\Documents\Skola\Neprocko\Haskell\kakuro\dokumentaceTex\program
atorska\funkce.tex
(C:\Users\Public\Documents\Skola\Neprocko\Haskell\kakuro\dokumentaceTex\program
atorska\_minted-ProgramatorskaDokumentace/F2B1CE0EACD72140192F04892C294D79E1A0F
2C815F1BC4B238A258396738C1A.pygtex)
Underfull \hbox (badness 10000) in paragraph at lines 4--7

 []


Underfull \hbox (badness 10000) in paragraph at lines 4--7

 []


(C:\Users\Public\Documents\Skola\Neprocko\Haskell\kakuro\dokumentaceTex\program
atorska\_minted-ProgramatorskaDokumentace/59B5310F00A8A07254B213A3F5534BC8E1A0F
2C815F1BC4B238A258396738C1A.pygtex)
(C:\Users\Public\Documents\Skola\Neprocko\Haskell\kakuro\dokumentaceTex\program
atorska\_minted-ProgramatorskaDokumentace/759EEAAFEF8593DE42DD5649D772A56CE1A0F
2C815F1BC4B238A258396738C1A.pygtex)
(C:\Users\Public\Documents\Skola\Neprocko\Haskell\kakuro\dokumentaceTex\program
atorska\_minted-ProgramatorskaDokumentace/AD37A0BBF7AB1524837A6BDEEFACA6ADE1A0F
2C815F1BC4B238A258396738C1A.pygtex)
Underfull \hbox (badness 10000) in paragraph at lines 15--17

 []


Underfull \hbox (badness 10000) in paragraph at lines 15--17

 []


(C:\Users\Public\Documents\Skola\Neprocko\Haskell\kakuro\dokumentaceTex\program
atorska\_minted-ProgramatorskaDokumentace/6C6A8699F22515290F4CF41ACB314BD4E1A0F
2C815F1BC4B238A258396738C1A.pygtex)
(C:\Users\Public\Documents\Skola\Neprocko\Haskell\kakuro\dokumentaceTex\program
atorska\_minted-ProgramatorskaDokumentace/B6315F192AD26A516F92E4E8558C96A9E1A0F
2C815F1BC4B238A258396738C1A.pygtex)
(C:\Users\Public\Documents\Skola\Neprocko\Haskell\kakuro\dokumentaceTex\program
atorska\_minted-ProgramatorskaDokumentace/D61106DC142EA92B2AE25ED25425ABBDE1A0F
2C815F1BC4B238A258396738C1A.pygtex)
Overfull \hbox (19.60986pt too wide) in paragraph at lines 19--25
[]\IL2/cmr/m/n/10 Tato funkce je vo-laná z po-mocné funkce []\IL2/cmtt/m/n/10 c
alculationIntersect[][]::[][[]KakuroCell[]]
 []


Underfull \hbox (badness 10000) in paragraph at lines 19--25

 []


Underfull \hbox (badness 10000) in paragraph at lines 19--25

 []

[2

]
(C:\Users\Public\Documents\Skola\Neprocko\Haskell\kakuro\dokumentaceTex\program
atorska\_minted-ProgramatorskaDokumentace/523BEF6AA7C31B190BB255B5E47BBC8BE1A0F
2C815F1BC4B238A258396738C1A.pygtex)
(C:\Users\Public\Documents\Skola\Neprocko\Haskell\kakuro\dokumentaceTex\program
atorska\_minted-ProgramatorskaDokumentace/8F7644262247185661754986F2B4780DE1A0F
2C815F1BC4B238A258396738C1A.pygtex)
(C:\Users\Public\Documents\Skola\Neprocko\Haskell\kakuro\dokumentaceTex\program
atorska\_minted-ProgramatorskaDokumentace/F347F010236AD4D101DE20E7C7BEAA86E1A0F
2C815F1BC4B238A258396738C1A.pygtex)
(C:\Users\Public\Documents\Skola\Neprocko\Haskell\kakuro\dokumentaceTex\program
atorska\_minted-ProgramatorskaDokumentace/F82AA534D7752844AFDB3DE4B58079E6E1A0F
2C815F1BC4B238A258396738C1A.pygtex)
Overfull \hbox (3.86pt too wide) in paragraph at lines 27--30
[]\IL2/cmr/m/n/10 Tato funkce je vo-lána z po-mocné funkce []\IL2/cmtt/m/n/10 c
alculationRandom[][]::[][[]KakuroCell[]]
 []


Underfull \hbox (badness 10000) in paragraph at lines 34--36

 []


Underfull \hbox (badness 10000) in paragraph at lines 34--36

 []

)
runsystem(del "ProgramatorskaDokumentace.pyg")...executed.

 [3]
(C:\Users\Public\Documents\Skola\Neprocko\Haskell\kakuro\dokumentaceTex\program
atorska\ProgramatorskaDokumentace.aux) ) 
Here is how much of TeX's memory you used:
 7158 strings out of 493921
 113784 string characters out of 3144878
 202725 words of memory out of 3000000
 10292 multiletter control sequences out of 15000+200000
 6218 words of font info for 19 fonts, out of 3000000 for 9000
 841 hyphenation exceptions out of 8191
 37i,5n,36p,815b,363s stack positions out of 5000i,500n,10000p,200000b,50000s
<C:/Users/Petr/AppData/Roaming/MiKTeX/2
.9/fonts/type1/public/cs/csbx12.pfb><C:/Users/Petr/AppData/Roaming/MiKTeX/2.9/f
onts/type1/public/cs/csr10.pfb><C:/Users/Petr/AppData/Roaming/MiKTeX/2.9/fonts/
type1/public/cs/csr17.pfb><C:/Users/Petr/AppData/Roaming/MiKTeX/2.9/fonts/type1
/public/cs/cstt10.pfb>
Output written on ProgramatorskaDokumentace.pdf (3 pages, 35824 bytes).
PDF statistics:
 28 PDF objects out of 1000 (max. 8388607)
 0 named destinations out of 1000 (max. 500000)
 1 words of extra memory for PDF output out of 10000 (max. 10000000)

